<?xml version="1.0" encoding="UTF-8"?>
<testng-results skipped="4" failed="0" total="4" passed="0">
  <reporter-output>
  </reporter-output>
  <suite name="Default suite" duration-ms="87" started-at="2019-02-17T11:13:53Z" finished-at="2019-02-17T11:13:53Z">
    <groups>
    </groups>
    <test name="Default test" duration-ms="87" started-at="2019-02-17T11:13:53Z" finished-at="2019-02-17T11:13:53Z">
      <class name="com.cgg.testcases.LoginTest">
        <test-method status="FAIL" signature="beforetest()[pri:0, instance:com.cgg.testcases.LoginTest@54bff557]" name="beforetest" is-config="true" duration-ms="0" started-at="2019-02-17T16:43:52Z" finished-at="2019-02-17T16:43:52Z">
          <exception class="org.openqa.selenium.WebDriverException">
            <message>
              <![CDATA[Build info: version: '3.14.0', revision: 'aacccce0', time: '2018-08-02T20:19:58.91Z'
System info: host: 'RASHEED-PC', ip: '192.168.0.102', os.name: 'Windows 7', os.arch: 'amd64', os.version: '6.1', java.version: '1.8.0_181'
Driver info: driver.version: RemoteWebDriver]]>
            </message>
            <full-stacktrace>
              <![CDATA[org.openqa.selenium.WebDriverException: Build info: version: '3.14.0', revision: 'aacccce0', time: '2018-08-02T20:19:58.91Z'
System info: host: 'RASHEED-PC', ip: '192.168.0.102', os.name: 'Windows 7', os.arch: 'amd64', os.version: '6.1', java.version: '1.8.0_181'
Driver info: driver.version: RemoteWebDriver
	at sun.reflect.NativeConstructorAccessorImpl.newInstance0(Native Method)
	at sun.reflect.NativeConstructorAccessorImpl.newInstance(NativeConstructorAccessorImpl.java:62)
	at sun.reflect.DelegatingConstructorAccessorImpl.newInstance(DelegatingConstructorAccessorImpl.java:45)
	at java.lang.reflect.Constructor.newInstance(Constructor.java:423)
	at org.openqa.selenium.remote.ErrorHandler.createThrowable(ErrorHandler.java:214)
	at org.openqa.selenium.remote.ErrorHandler.throwIfResponseFailed(ErrorHandler.java:166)
	at org.openqa.selenium.remote.JsonWireProtocolResponse.lambda$new$0(JsonWireProtocolResponse.java:53)
	at org.openqa.selenium.remote.JsonWireProtocolResponse.lambda$getResponseFunction$2(JsonWireProtocolResponse.java:91)
	at org.openqa.selenium.remote.ProtocolHandshake.lambda$createSession$0(ProtocolHandshake.java:122)
	at java.util.stream.ReferencePipeline$3$1.accept(ReferencePipeline.java:193)
	at java.util.Spliterators$ArraySpliterator.tryAdvance(Spliterators.java:958)
	at java.util.stream.ReferencePipeline.forEachWithCancel(ReferencePipeline.java:126)
	at java.util.stream.AbstractPipeline.copyIntoWithCancel(AbstractPipeline.java:498)
	at java.util.stream.AbstractPipeline.copyInto(AbstractPipeline.java:485)
	at java.util.stream.AbstractPipeline.wrapAndCopyInto(AbstractPipeline.java:471)
	at java.util.stream.FindOps$FindOp.evaluateSequential(FindOps.java:152)
	at java.util.stream.AbstractPipeline.evaluate(AbstractPipeline.java:234)
	at java.util.stream.ReferencePipeline.findFirst(ReferencePipeline.java:464)
	at org.openqa.selenium.remote.ProtocolHandshake.createSession(ProtocolHandshake.java:125)
	at org.openqa.selenium.remote.ProtocolHandshake.createSession(ProtocolHandshake.java:73)
	at org.openqa.selenium.remote.HttpCommandExecutor.execute(HttpCommandExecutor.java:136)
	at org.openqa.selenium.remote.RemoteWebDriver.execute(RemoteWebDriver.java:548)
	at org.openqa.selenium.remote.RemoteWebDriver.startSession(RemoteWebDriver.java:212)
	at org.openqa.selenium.remote.RemoteWebDriver.<init>(RemoteWebDriver.java:130)
	at org.openqa.selenium.remote.RemoteWebDriver.<init>(RemoteWebDriver.java:143)
	at com.cgg.testcases.TestBase.ChromeDriver(TestBase.java:369)
	at com.cgg.testcases.TestBase.openBrowser(TestBase.java:97)
	at com.cgg.testcases.TestBase.beforetest(TestBase.java:119)
	at sun.reflect.NativeMethodAccessorImpl.invoke0(Native Method)
	at sun.reflect.NativeMethodAccessorImpl.invoke(NativeMethodAccessorImpl.java:62)
	at sun.reflect.DelegatingMethodAccessorImpl.invoke(DelegatingMethodAccessorImpl.java:43)
	at java.lang.reflect.Method.invoke(Method.java:498)
	at org.testng.internal.MethodInvocationHelper.invokeMethod(MethodInvocationHelper.java:86)
	at org.testng.internal.Invoker.invokeConfigurationMethod(Invoker.java:514)
	at org.testng.internal.Invoker.invokeConfigurations(Invoker.java:215)
	at org.testng.internal.Invoker.invokeConfigurations(Invoker.java:142)
	at org.testng.SuiteRunner.privateRun(SuiteRunner.java:305)
	at org.testng.SuiteRunner.run(SuiteRunner.java:268)
	at org.testng.SuiteRunnerWorker.runSuite(SuiteRunnerWorker.java:52)
	at org.testng.SuiteRunnerWorker.run(SuiteRunnerWorker.java:86)
	at org.testng.TestNG.runSuitesSequentially(TestNG.java:1244)
	at org.testng.TestNG.runSuitesLocally(TestNG.java:1169)
	at org.testng.TestNG.run(TestNG.java:1064)
	at org.testng.remote.AbstractRemoteTestNG.run(AbstractRemoteTestNG.java:114)
	at org.testng.remote.RemoteTestNG.initAndRun(RemoteTestNG.java:251)
	at org.testng.remote.RemoteTestNG.main(RemoteTestNG.java:77)
Caused by: java.lang.NullPointerException
	at java.util.HashMap.putMapEntries(HashMap.java:500)
	at java.util.HashMap.putAll(HashMap.java:784)
	at org.openqa.selenium.remote.DesiredCapabilities.<init>(DesiredCapabilities.java:54)
	at org.openqa.grid.web.servlet.handler.RequestHandler.process(RequestHandler.java:105)
	at org.openqa.grid.web.servlet.DriverServlet.process(DriverServlet.java:83)
	at org.openqa.grid.web.servlet.DriverServlet.doPost(DriverServlet.java:67)
	at javax.servlet.http.HttpServlet.service(HttpServlet.java:707)
	at javax.servlet.http.HttpServlet.service(HttpServlet.java:790)
	at org.seleniumhq.jetty9.servlet.ServletHolder.handle(ServletHolder.java:808)
	at org.seleniumhq.jetty9.servlet.ServletHandler.doHandle(ServletHandler.java:587)
	at org.seleniumhq.jetty9.server.session.SessionHandler.doHandle(SessionHandler.java:221)
	at org.seleniumhq.jetty9.server.handler.ContextHandler.doHandle(ContextHandler.java:1127)
	at org.seleniumhq.jetty9.servlet.ServletHandler.doScope(ServletHandler.java:515)
	at org.seleniumhq.jetty9.server.session.SessionHandler.doScope(SessionHandler.java:185)
	at org.seleniumhq.jetty9.server.handler.ContextHandler.doScope(ContextHandler.java:1061)
	at org.seleniumhq.jetty9.server.handler.ScopedHandler.handle(ScopedHandler.java:141)
	at org.seleniumhq.jetty9.server.handler.HandlerWrapper.handle(HandlerWrapper.java:97)
	at org.seleniumhq.jetty9.server.Server.handle(Server.java:499)
	at org.seleniumhq.jetty9.server.HttpChannel.handle(HttpChannel.java:310)
	at org.seleniumhq.jetty9.server.HttpConnection.onFillable(HttpConnection.java:257)
	at org.seleniumhq.jetty9.io.AbstractConnection$2.run(AbstractConnection.java:540)
	at org.seleniumhq.jetty9.util.thread.QueuedThreadPool.runJob(QueuedThreadPool.java:635)
	at org.seleniumhq.jetty9.util.thread.QueuedThreadPool$3.run(QueuedThreadPool.java:555)
	at java.lang.Thread.run(Thread.java:745)
]]>
            </full-stacktrace>
          </exception> <!-- org.openqa.selenium.WebDriverException -->
          <reporter-output>
          </reporter-output>
        </test-method> <!-- beforetest -->
        <test-method status="SKIP" signature="testLogin(java.util.Hashtable)[pri:0, instance:com.cgg.testcases.LoginTest@54bff557]" name="testLogin" duration-ms="2" started-at="2019-02-17T16:43:53Z" data-provider="getData" finished-at="2019-02-17T16:43:53Z">
          <params>
            <param index="0">
              <value>
                <![CDATA[{Name=, TC=TC-001, LoginId=9866752267, Password=123, Runmode=Y, DataFlag=P}]]>
              </value>
            </param>
          </params>
          <reporter-output>
          </reporter-output>
        </test-method> <!-- testLogin -->
        <test-method status="SKIP" signature="Aftertest()[pri:0, instance:com.cgg.testcases.LoginTest@54bff557]" name="Aftertest" is-config="true" duration-ms="0" started-at="2019-02-17T16:43:53Z" finished-at="2019-02-17T16:43:53Z">
          <reporter-output>
          </reporter-output>
        </test-method> <!-- Aftertest -->
        <test-method status="SKIP" signature="testLogin(java.util.Hashtable)[pri:0, instance:com.cgg.testcases.LoginTest@54bff557]" name="testLogin" duration-ms="2" started-at="2019-02-17T16:43:53Z" data-provider="getData" finished-at="2019-02-17T16:43:53Z">
          <params>
            <param index="0">
              <value>
                <![CDATA[{Name=, TC=TC-003, LoginId=234567892, Password=guest, Runmode=N, DataFlag=N}]]>
              </value>
            </param>
          </params>
          <reporter-output>
          </reporter-output>
        </test-method> <!-- testLogin -->
        <test-method status="SKIP" signature="Aftertest()[pri:0, instance:com.cgg.testcases.LoginTest@54bff557]" name="Aftertest" is-config="true" duration-ms="0" started-at="2019-02-17T16:43:53Z" finished-at="2019-02-17T16:43:53Z">
          <reporter-output>
          </reporter-output>
        </test-method> <!-- Aftertest -->
        <test-method status="SKIP" signature="testLogin(java.util.Hashtable)[pri:0, instance:com.cgg.testcases.LoginTest@54bff557]" name="testLogin" duration-ms="4" started-at="2019-02-17T16:43:53Z" data-provider="getData" finished-at="2019-02-17T16:43:53Z">
          <params>
            <param index="0">
              <value>
                <![CDATA[{Name=, TC=TC-004, LoginId=9866752267, Password=123, Runmode=N, DataFlag=N}]]>
              </value>
            </param>
          </params>
          <reporter-output>
          </reporter-output>
        </test-method> <!-- testLogin -->
        <test-method status="SKIP" signature="Aftertest()[pri:0, instance:com.cgg.testcases.LoginTest@54bff557]" name="Aftertest" is-config="true" duration-ms="0" started-at="2019-02-17T16:43:53Z" finished-at="2019-02-17T16:43:53Z">
          <reporter-output>
          </reporter-output>
        </test-method> <!-- Aftertest -->
        <test-method status="SKIP" signature="testLogin(java.util.Hashtable)[pri:0, instance:com.cgg.testcases.LoginTest@54bff557]" name="testLogin" duration-ms="4" started-at="2019-02-17T16:43:53Z" data-provider="getData" finished-at="2019-02-17T16:43:53Z">
          <params>
            <param index="0">
              <value>
                <![CDATA[{Name=, TC=TC-005, LoginId=Demo, Password=emo, Runmode=N, DataFlag=N}]]>
              </value>
            </param>
          </params>
          <reporter-output>
          </reporter-output>
        </test-method> <!-- testLogin -->
        <test-method status="SKIP" signature="Aftertest()[pri:0, instance:com.cgg.testcases.LoginTest@54bff557]" name="Aftertest" is-config="true" duration-ms="0" started-at="2019-02-17T16:43:53Z" finished-at="2019-02-17T16:43:53Z">
          <reporter-output>
          </reporter-output>
        </test-method> <!-- Aftertest -->
        <test-method status="SKIP" signature="closeBrowser()[pri:0, instance:com.cgg.testcases.LoginTest@54bff557]" name="closeBrowser" is-config="true" duration-ms="0" started-at="2019-02-17T16:43:53Z" finished-at="2019-02-17T16:43:53Z">
          <reporter-output>
          </reporter-output>
        </test-method> <!-- closeBrowser -->
      </class> <!-- com.cgg.testcases.LoginTest -->
    </test> <!-- Default test -->
  </suite> <!-- Default suite -->
</testng-results>
